#
# There is insufficient memory for the Java Runtime Environment to continue.
# Native memory allocation (malloc) failed to allocate 174587904 bytes for committing reserved memory.
# Possible reasons:
#   The system is out of physical RAM or swap space
#   In 32 bit mode, the process size limit was hit
# Possible solutions:
#   Reduce memory load on the system
#   Increase physical memory or swap space
#   Check if swap backing store is full
#   Use 64 bit Java on a 64 bit OS
#   Decrease Java heap size (-Xmx/-Xms)
#   Decrease number of Java threads
#   Decrease Java thread stack sizes (-Xss)
#   Set larger code cache with -XX:ReservedCodeCacheSize=
# This output file may be truncated or incomplete.
#
#  Out of Memory Error (os_linux.cpp:2827), pid=14128, tid=139954625767168
#
# JRE version:  (7.0_91-b02) (build )
# Java VM: OpenJDK 64-Bit Server VM (24.91-b01 mixed mode linux-amd64 compressed oops)
# Derivative: IcedTea 2.6.3
# Distribution: Ubuntu 14.04 LTS, package 7u91-2.6.3-0ubuntu0.14.04.1
# Failed to write core dump. Core dumps have been disabled. To enable core dumping, try "ulimit -c unlimited" before starting Java again
#

---------------  T H R E A D  ---------------

Current thread (0x00007f49b000a000):  JavaThread "Unknown thread" [_thread_in_vm, id=14129, stack(0x00007f49b9b0e000,0x00007f49b9c0f000)]

Stack: [0x00007f49b9b0e000,0x00007f49b9c0f000],  sp=0x00007f49b9c0d4f0,  free space=1021k
Native frames: (J=compiled Java code, j=interpreted, Vv=VM code, C=native code)
V  [libjvm.so+0x953e15]  VMError::report_and_die()+0x175
V  [libjvm.so+0x48fd94]  report_vm_out_of_memory(char const*, int, unsigned long, char const*)+0x74
V  [libjvm.so+0x7cf87b]  os::pd_commit_memory(char*, unsigned long, unsigned long, bool)+0xeb
V  [libjvm.so+0x7ca33f]  os::commit_memory(char*, unsigned long, unsigned long, bool)+0x1f
V  [libjvm.so+0x83dacb]  PSVirtualSpace::expand_by(unsigned long)+0x5b
V  [libjvm.so+0x82df8e]  PSOldGen::initialize(ReservedSpace, unsigned long, char const*, int)+0xce
V  [libjvm.so+0x2a7aef]  AdjoiningGenerations::AdjoiningGenerations(ReservedSpace, unsigned long, unsigned long, unsigned long, unsigned long, unsigned long, unsigned long, unsigned long)+0x3af
V  [libjvm.so+0x7f0ef0]  ParallelScavengeHeap::initialize()+0x5b0
V  [libjvm.so+0x9247b7]  Universe::initialize_heap()+0xc7
V  [libjvm.so+0x924ae7]  universe_init()+0x67
V  [libjvm.so+0x5a2dd5]  init_globals()+0x55
V  [libjvm.so+0x90a4cf]  Threads::create_vm(JavaVMInitArgs*, bool*)+0x35f
V  [libjvm.so+0x60e834]  JNI_CreateJavaVM+0x54
C  [libjli.so+0x2b48]


---------------  P R O C E S S  ---------------

Java Threads: ( => current thread )

Other Threads:

=>0x00007f49b000a000 (exited) JavaThread "Unknown thread" [_thread_in_vm, id=14129, stack(0x00007f49b9b0e000,0x00007f49b9c0f000)]

VM state:not at safepoint (not fully initialized)

VM Mutex/Monitor currently owned by a thread: None

GC Heap History (0 events):
No events

Deoptimization events (0 events):
No events

Internal exceptions (0 events):
No events

Events (0 events):
No events


Dynamic libraries:
00400000-00401000 r-xp 00000000 08:04 12071649                           /usr/lib/jvm/java-7-openjdk-amd64/jre/bin/java
00600000-00601000 r--p 00000000 08:04 12071649                           /usr/lib/jvm/java-7-openjdk-amd64/jre/bin/java
00601000-00602000 rw-p 00001000 08:04 12071649                           /usr/lib/jvm/java-7-openjdk-amd64/jre/bin/java
00798000-007b9000 rw-p 00000000 00:00 0                                  [heap]
6fba00000-706000000 rw-p 00000000 00:00 0 
710680000-7aca80000 rw-p 00000000 00:00 0 
7aca80000-7b1e00000 rw-p 00000000 00:00 0 
7b1e00000-800000000 rw-p 00000000 00:00 0 
7f49ad000000-7f49ad270000 rwxp 00000000 00:00 0 
7f49ad270000-7f49b0023000 rw-p 00000000 00:00 0 
7f49b0023000-7f49b4000000 ---p 00000000 00:00 0 
7f49b5ce1000-7f49b5f1c000 rw-p 00000000 00:00 0 
7f49b5f1c000-7f49b64a4000 rw-p 00000000 00:00 0 
7f49b64a4000-7f49b64ce000 rw-p 00000000 00:00 0 
7f49b64ce000-7f49b673f000 rw-p 00000000 00:00 0 
7f49b673f000-7f49b6740000 rw-p 00000000 00:00 0 
7f49b6740000-7f49b6748000 r-xp 00000000 08:04 12071693                   /usr/lib/jvm/java-7-openjdk-amd64/jre/lib/amd64/libzip.so
7f49b6748000-7f49b6947000 ---p 00008000 08:04 12071693                   /usr/lib/jvm/java-7-openjdk-amd64/jre/lib/amd64/libzip.so
7f49b6947000-7f49b6948000 r--p 00007000 08:04 12071693                   /usr/lib/jvm/java-7-openjdk-amd64/jre/lib/amd64/libzip.so
7f49b6948000-7f49b6949000 rw-p 00008000 08:04 12071693                   /usr/lib/jvm/java-7-openjdk-amd64/jre/lib/amd64/libzip.so
7f49b6949000-7f49b6954000 r-xp 00000000 08:04 7082165                    /lib/x86_64-linux-gnu/libnss_files-2.19.so
7f49b6954000-7f49b6b53000 ---p 0000b000 08:04 7082165                    /lib/x86_64-linux-gnu/libnss_files-2.19.so
7f49b6b53000-7f49b6b54000 r--p 0000a000 08:04 7082165                    /lib/x86_64-linux-gnu/libnss_files-2.19.so
7f49b6b54000-7f49b6b55000 rw-p 0000b000 08:04 7082165                    /lib/x86_64-linux-gnu/libnss_files-2.19.so
7f49b6b55000-7f49b6b60000 r-xp 00000000 08:04 7082175                    /lib/x86_64-linux-gnu/libnss_nis-2.19.so
7f49b6b60000-7f49b6d5f000 ---p 0000b000 08:04 7082175                    /lib/x86_64-linux-gnu/libnss_nis-2.19.so
7f49b6d5f000-7f49b6d60000 r--p 0000a000 08:04 7082175                    /lib/x86_64-linux-gnu/libnss_nis-2.19.so
7f49b6d60000-7f49b6d61000 rw-p 0000b000 08:04 7082175                    /lib/x86_64-linux-gnu/libnss_nis-2.19.so
7f49b6d61000-7f49b6d78000 r-xp 00000000 08:04 7082159                    /lib/x86_64-linux-gnu/libnsl-2.19.so
7f49b6d78000-7f49b6f77000 ---p 00017000 08:04 7082159                    /lib/x86_64-linux-gnu/libnsl-2.19.so
7f49b6f77000-7f49b6f78000 r--p 00016000 08:04 7082159                    /lib/x86_64-linux-gnu/libnsl-2.19.so
7f49b6f78000-7f49b6f79000 rw-p 00017000 08:04 7082159                    /lib/x86_64-linux-gnu/libnsl-2.19.so
7f49b6f79000-7f49b6f7b000 rw-p 00000000 00:00 0 
7f49b6f7b000-7f49b6f84000 r-xp 00000000 08:04 7082161                    /lib/x86_64-linux-gnu/libnss_compat-2.19.so
7f49b6f84000-7f49b7183000 ---p 00009000 08:04 7082161                    /lib/x86_64-linux-gnu/libnss_compat-2.19.so
7f49b7183000-7f49b7184000 r--p 00008000 08:04 7082161                    /lib/x86_64-linux-gnu/libnss_compat-2.19.so
7f49b7184000-7f49b7185000 rw-p 00009000 08:04 7082161                    /lib/x86_64-linux-gnu/libnss_compat-2.19.so
7f49b7185000-7f49b71b0000 r-xp 00000000 08:04 12071701                   /usr/lib/jvm/java-7-openjdk-amd64/jre/lib/amd64/libjava.so
7f49b71b0000-7f49b73b0000 ---p 0002b000 08:04 12071701                   /usr/lib/jvm/java-7-openjdk-amd64/jre/lib/amd64/libjava.so
7f49b73b0000-7f49b73b1000 r--p 0002b000 08:04 12071701                   /usr/lib/jvm/java-7-openjdk-amd64/jre/lib/amd64/libjava.so
7f49b73b1000-7f49b73b3000 rw-p 0002c000 08:04 12071701                   /usr/lib/jvm/java-7-openjdk-amd64/jre/lib/amd64/libjava.so
7f49b73b3000-7f49b73c3000 r-xp 00000000 08:04 12071719                   /usr/lib/jvm/java-7-openjdk-amd64/jre/lib/amd64/libverify.so
7f49b73c3000-7f49b75c2000 ---p 00010000 08:04 12071719                   /usr/lib/jvm/java-7-openjdk-amd64/jre/lib/amd64/libverify.so
7f49b75c2000-7f49b75c4000 r--p 0000f000 08:04 12071719                   /usr/lib/jvm/java-7-openjdk-amd64/jre/lib/amd64/libverify.so
7f49b75c4000-7f49b75c5000 rw-p 00011000 08:04 12071719                   /usr/lib/jvm/java-7-openjdk-amd64/jre/lib/amd64/libverify.so
7f49b75c5000-7f49b75cc000 r-xp 00000000 08:04 7082218                    /lib/x86_64-linux-gnu/librt-2.19.so
7f49b75cc000-7f49b77cb000 ---p 00007000 08:04 7082218                    /lib/x86_64-linux-gnu/librt-2.19.so
7f49b77cb000-7f49b77cc000 r--p 00006000 08:04 7082218                    /lib/x86_64-linux-gnu/librt-2.19.so
7f49b77cc000-7f49b77cd000 rw-p 00007000 08:04 7082218                    /lib/x86_64-linux-gnu/librt-2.19.so
7f49b77cd000-7f49b77e3000 r-xp 00000000 08:04 7082117                    /lib/x86_64-linux-gnu/libgcc_s.so.1
7f49b77e3000-7f49b79e2000 ---p 00016000 08:04 7082117                    /lib/x86_64-linux-gnu/libgcc_s.so.1
7f49b79e2000-7f49b79e3000 rw-p 00015000 08:04 7082117                    /lib/x86_64-linux-gnu/libgcc_s.so.1
7f49b79e3000-7f49b7ae8000 r-xp 00000000 08:04 7082140                    /lib/x86_64-linux-gnu/libm-2.19.so
7f49b7ae8000-7f49b7ce7000 ---p 00105000 08:04 7082140                    /lib/x86_64-linux-gnu/libm-2.19.so
7f49b7ce7000-7f49b7ce8000 r--p 00104000 08:04 7082140                    /lib/x86_64-linux-gnu/libm-2.19.so
7f49b7ce8000-7f49b7ce9000 rw-p 00105000 08:04 7082140                    /lib/x86_64-linux-gnu/libm-2.19.so
7f49b7ce9000-7f49b7dcf000 r-xp 00000000 08:04 12067532                   /usr/lib/x86_64-linux-gnu/libstdc++.so.6.0.19
7f49b7dcf000-7f49b7fce000 ---p 000e6000 08:04 12067532                   /usr/lib/x86_64-linux-gnu/libstdc++.so.6.0.19
7f49b7fce000-7f49b7fd6000 r--p 000e5000 08:04 12067532                   /usr/lib/x86_64-linux-gnu/libstdc++.so.6.0.19
7f49b7fd6000-7f49b7fd8000 rw-p 000ed000 08:04 12067532                   /usr/lib/x86_64-linux-gnu/libstdc++.so.6.0.19
7f49b7fd8000-7f49b7fed000 rw-p 00000000 00:00 0 
7f49b7fed000-7f49b8b11000 r-xp 00000000 08:04 12071707                   /usr/lib/jvm/java-7-openjdk-amd64/jre/lib/amd64/server/libjvm.so
7f49b8b11000-7f49b8d11000 ---p 00b24000 08:04 12071707                   /usr/lib/jvm/java-7-openjdk-amd64/jre/lib/amd64/server/libjvm.so
7f49b8d11000-7f49b8dab000 r--p 00b24000 08:04 12071707                   /usr/lib/jvm/java-7-openjdk-amd64/jre/lib/amd64/server/libjvm.so
7f49b8dab000-7f49b8dce000 rw-p 00bbe000 08:04 12071707                   /usr/lib/jvm/java-7-openjdk-amd64/jre/lib/amd64/server/libjvm.so
7f49b8dce000-7f49b8dfc000 rw-p 00000000 00:00 0 
7f49b8dfc000-7f49b8e14000 r-xp 00000000 08:04 7082253                    /lib/x86_64-linux-gnu/libz.so.1.2.8
7f49b8e14000-7f49b9013000 ---p 00018000 08:04 7082253                    /lib/x86_64-linux-gnu/libz.so.1.2.8
7f49b9013000-7f49b9014000 r--p 00017000 08:04 7082253                    /lib/x86_64-linux-gnu/libz.so.1.2.8
7f49b9014000-7f49b9015000 rw-p 00018000 08:04 7082253                    /lib/x86_64-linux-gnu/libz.so.1.2.8
7f49b9015000-7f49b902e000 r-xp 00000000 08:04 7082210                    /lib/x86_64-linux-gnu/libpthread-2.19.so
7f49b902e000-7f49b922d000 ---p 00019000 08:04 7082210                    /lib/x86_64-linux-gnu/libpthread-2.19.so
7f49b922d000-7f49b922e000 r--p 00018000 08:04 7082210                    /lib/x86_64-linux-gnu/libpthread-2.19.so
7f49b922e000-7f49b922f000 rw-p 00019000 08:04 7082210                    /lib/x86_64-linux-gnu/libpthread-2.19.so
7f49b922f000-7f49b9233000 rw-p 00000000 00:00 0 
7f49b9233000-7f49b9236000 r-xp 00000000 08:04 7082107                    /lib/x86_64-linux-gnu/libdl-2.19.so
7f49b9236000-7f49b9435000 ---p 00003000 08:04 7082107                    /lib/x86_64-linux-gnu/libdl-2.19.so
7f49b9435000-7f49b9436000 r--p 00002000 08:04 7082107                    /lib/x86_64-linux-gnu/libdl-2.19.so
7f49b9436000-7f49b9437000 rw-p 00003000 08:04 7082107                    /lib/x86_64-linux-gnu/libdl-2.19.so
7f49b9437000-7f49b95f2000 r-xp 00000000 08:04 7082090                    /lib/x86_64-linux-gnu/libc-2.19.so
7f49b95f2000-7f49b97f1000 ---p 001bb000 08:04 7082090                    /lib/x86_64-linux-gnu/libc-2.19.so
7f49b97f1000-7f49b97f5000 r--p 001ba000 08:04 7082090                    /lib/x86_64-linux-gnu/libc-2.19.so
7f49b97f5000-7f49b97f7000 rw-p 001be000 08:04 7082090                    /lib/x86_64-linux-gnu/libc-2.19.so
7f49b97f7000-7f49b97fc000 rw-p 00000000 00:00 0 
7f49b97fc000-7f49b9809000 r-xp 00000000 08:04 12071720                   /usr/lib/jvm/java-7-openjdk-amd64/jre/lib/amd64/jli/libjli.so
7f49b9809000-7f49b9a08000 ---p 0000d000 08:04 12071720                   /usr/lib/jvm/java-7-openjdk-amd64/jre/lib/amd64/jli/libjli.so
7f49b9a08000-7f49b9a09000 r--p 0000c000 08:04 12071720                   /usr/lib/jvm/java-7-openjdk-amd64/jre/lib/amd64/jli/libjli.so
7f49b9a09000-7f49b9a0a000 rw-p 0000d000 08:04 12071720                   /usr/lib/jvm/java-7-openjdk-amd64/jre/lib/amd64/jli/libjli.so
7f49b9a0a000-7f49b9a2d000 r-xp 00000000 08:04 7082066                    /lib/x86_64-linux-gnu/ld-2.19.so
7f49b9a4e000-7f49b9a58000 rw-p 00000000 00:00 0 
7f49b9a58000-7f49b9b0e000 rw-p 00000000 00:00 0 
7f49b9b0e000-7f49b9b11000 ---p 00000000 00:00 0 
7f49b9b11000-7f49b9c14000 rw-p 00000000 00:00 0                          [stack:14129]
7f49b9c1e000-7f49b9c20000 rw-p 00000000 00:00 0 
7f49b9c20000-7f49b9c28000 rw-s 00000000 08:04 529672                     /tmp/hsperfdata_xinyao1/14128
7f49b9c28000-7f49b9c29000 rw-p 00000000 00:00 0 
7f49b9c29000-7f49b9c2a000 r--p 00000000 00:00 0 
7f49b9c2a000-7f49b9c2c000 rw-p 00000000 00:00 0 
7f49b9c2c000-7f49b9c2d000 r--p 00022000 08:04 7082066                    /lib/x86_64-linux-gnu/ld-2.19.so
7f49b9c2d000-7f49b9c2e000 rw-p 00023000 08:04 7082066                    /lib/x86_64-linux-gnu/ld-2.19.so
7f49b9c2e000-7f49b9c2f000 rw-p 00000000 00:00 0 
7ffd8420b000-7ffd8422c000 rw-p 00000000 00:00 0                          [stack]
7ffd8430d000-7ffd8430f000 r--p 00000000 00:00 0                          [vvar]
7ffd8430f000-7ffd84311000 r-xp 00000000 00:00 0                          [vdso]
ffffffffff600000-ffffffffff601000 r-xp 00000000 00:00 0                  [vsyscall]

VM Arguments:
jvm_args: -Dsmartgit.logging=false -Djava.net.preferIPv4Stack=true 
java_command: com.syntevo.smartgit.transport.askpass.SgAskPasswordMain Password for 'https://OpenJDK 64-Bit Server VM warning: INFO: os::commit_memory(0x0000000706000000, 174587904, 0) failed; error='Cannot allocate memory' (errno=12)@github.com': 
Launcher Type: SUN_STANDARD

Environment Variables:
PATH=/usr/lib/git-core:/usr/bin:/usr/share/smartgit/lib:/usr/local/sbin:/usr/local/bin:/usr/sbin:/usr/bin:/sbin:/bin:/usr/games:/usr/local/games
LD_LIBRARY_PATH=:/usr/lib/gnome-private/lib
SHELL=/bin/bash
DISPLAY=:0

Signal Handlers:
SIGSEGV: [libjvm.so+0x9548f0], sa_mask[0]=0x7ffbfeff, sa_flags=0x10000004
SIGBUS: [libjvm.so+0x9548f0], sa_mask[0]=0x7ffbfeff, sa_flags=0x10000004
SIGFPE: [libjvm.so+0x7cb0b0], sa_mask[0]=0x7ffbfeff, sa_flags=0x10000004
SIGPIPE: [libjvm.so+0x7cb0b0], sa_mask[0]=0x7ffbfeff, sa_flags=0x10000004
SIGXFSZ: [libjvm.so+0x7cb0b0], sa_mask[0]=0x7ffbfeff, sa_flags=0x10000004
SIGILL: [libjvm.so+0x7cb0b0], sa_mask[0]=0x7ffbfeff, sa_flags=0x10000004
SIGUSR1: SIG_DFL, sa_mask[0]=0x00000000, sa_flags=0x00000000
SIGUSR2: [libjvm.so+0x7caf50], sa_mask[0]=0x00000004, sa_flags=0x10000004
SIGHUP: SIG_DFL, sa_mask[0]=0x00000000, sa_flags=0x00000000
SIGINT: SIG_DFL, sa_mask[0]=0x00000000, sa_flags=0x00000000
SIGTERM: SIG_DFL, sa_mask[0]=0x00000000, sa_flags=0x00000000
SIGQUIT: SIG_DFL, sa_mask[0]=0x00000000, sa_flags=0x00000000
SIGTRAP: SIG_DFL, sa_mask[0]=0x00000000, sa_flags=0x00000000


---------------  S Y S T E M  ---------------

OS:Ubuntu 14.04 (trusty)
uname:Linux 3.19.0-33-generic #38~14.04.1-Ubuntu SMP Fri Nov 6 18:17:28 UTC 2015 x86_64
libc:glibc 2.19 NPTL 2.19 
rlimit: STACK 8192k, CORE 0k, NPROC 63728, NOFILE 4096, AS infinity
load average:10.79 9.76 9.64

/proc/meminfo:
MemTotal:       16383348 kB
MemFree:          173388 kB
MemAvailable:     159820 kB
Buffers:            1124 kB
Cached:            97776 kB
SwapCached:         3484 kB
Active:         14038388 kB
Inactive:        1832524 kB
Active(anon):   13991988 kB
Inactive(anon):  1803976 kB
Active(file):      46400 kB
Inactive(file):    28548 kB
Unevictable:        2744 kB
Mlocked:            2744 kB
SwapTotal:       7812092 kB
SwapFree:             40 kB
Dirty:               112 kB
Writeback:           200 kB
AnonPages:      15772928 kB
Mapped:            85988 kB
Shmem:             23724 kB
Slab:             129856 kB
SReclaimable:      66844 kB
SUnreclaim:        63012 kB
KernelStack:       18880 kB
PageTables:       110492 kB
NFS_Unstable:          0 kB
Bounce:                0 kB
WritebackTmp:          0 kB
CommitLimit:    16003764 kB
Committed_AS:   13844376 kB
VmallocTotal:   34359738367 kB
VmallocUsed:      125624 kB
VmallocChunk:   34359606092 kB
HardwareCorrupted:     0 kB
AnonHugePages:   4849664 kB
CmaTotal:              0 kB
CmaFree:               0 kB
HugePages_Total:       0
HugePages_Free:        0
HugePages_Rsvd:        0
HugePages_Surp:        0
Hugepagesize:       2048 kB
DirectMap4k:      298584 kB
DirectMap2M:    15380480 kB
DirectMap1G:     2097152 kB


CPU:total 8 (4 cores per cpu, 2 threads per core) family 6 model 60 stepping 3, cmov, cx8, fxsr, mmx, sse, sse2, sse3, ssse3, sse4.1, sse4.2, popcnt, avx, avx2, aes, erms, ht, tsc, tscinvbit

/proc/cpuinfo:
processor	: 0
vendor_id	: GenuineIntel
cpu family	: 6
model		: 60
model name	: Intel(R) Core(TM) i7-4790 CPU @ 3.60GHz
stepping	: 3
microcode	: 0x9
cpu MHz		: 3776.906
cache size	: 8192 KB
physical id	: 0
siblings	: 8
core id		: 0
cpu cores	: 4
apicid		: 0
initial apicid	: 0
fpu		: yes
fpu_exception	: yes
cpuid level	: 13
wp		: yes
flags		: fpu vme de pse tsc msr pae mce cx8 apic sep mtrr pge mca cmov pat pse36 clflush dts acpi mmx fxsr sse sse2 ss ht tm pbe syscall nx pdpe1gb rdtscp lm constant_tsc arch_perfmon pebs bts rep_good nopl xtopology nonstop_tsc aperfmperf eagerfpu pni pclmulqdq dtes64 monitor ds_cpl vmx smx est tm2 ssse3 fma cx16 xtpr pdcm pcid sse4_1 sse4_2 x2apic movbe popcnt tsc_deadline_timer aes xsave avx f16c rdrand lahf_lm abm ida arat epb pln pts dtherm tpr_shadow vnmi flexpriority ept vpid fsgsbase tsc_adjust bmi1 hle avx2 smep bmi2 erms invpcid rtm xsaveopt
bugs		:
bogomips	: 7183.28
clflush size	: 64
cache_alignment	: 64
address sizes	: 39 bits physical, 48 bits virtual
power management:

processor	: 1
vendor_id	: GenuineIntel
cpu family	: 6
model		: 60
model name	: Intel(R) Core(TM) i7-4790 CPU @ 3.60GHz
stepping	: 3
microcode	: 0x9
cpu MHz		: 3698.437
cache size	: 8192 KB
physical id	: 0
siblings	: 8
core id		: 1
cpu cores	: 4
apicid		: 2
initial apicid	: 2
fpu		: yes
fpu_exception	: yes
cpuid level	: 13
wp		: yes
flags		: fpu vme de pse tsc msr pae mce cx8 apic sep mtrr pge mca cmov pat pse36 clflush dts acpi mmx fxsr sse sse2 ss ht tm pbe syscall nx pdpe1gb rdtscp lm constant_tsc arch_perfmon pebs bts rep_good nopl xtopology nonstop_tsc aperfmperf eagerfpu pni pclmulqdq dtes64 monitor ds_cpl vmx smx est tm2 ssse3 fma cx16 xtpr pdcm pcid sse4_1 sse4_2 x2apic movbe popcnt tsc_deadline_timer aes xsave avx f16c rdrand lahf_lm abm ida arat epb pln pts dtherm tpr_shadow vnmi flexpriority ept vpid fsgsbase tsc_adjust bmi1 hle avx2 smep bmi2 erms invpcid rtm xsaveopt
bugs		:
bogomips	: 7183.28
clflush size	: 64
cache_alignment	: 64
address sizes	: 39 bits physical, 48 bits virtual
power management:

processor	: 2
vendor_id	: GenuineIntel
cpu family	: 6
model		: 60
model name	: Intel(R) Core(TM) i7-4790 CPU @ 3.60GHz
stepping	: 3
microcode	: 0x9
cpu MHz		: 3770.859
cache size	: 8192 KB
physical id	: 0
siblings	: 8
core id		: 2
cpu cores	: 4
apicid		: 4
initial apicid	: 4
fpu		: yes
fpu_exception	: yes
cpuid level	: 13
wp		: yes
flags		: fpu vme de pse tsc msr pae mce cx8 apic sep mtrr pge mca cmov pat pse36 clflush dts acpi mmx fxsr sse sse2 ss ht tm pbe syscall nx pdpe1gb rdtscp lm constant_tsc arch_perfmon pebs bts rep_good nopl xtopology nonstop_tsc aperfmperf eagerfpu pni pclmulqdq dtes64 monitor ds_cpl vmx smx est tm2 ssse3 fma cx16 xtpr pdcm pcid sse4_1 sse4_2 x2apic movbe popcnt tsc_deadline_timer aes xsave avx f16c rdrand lahf_lm abm ida arat epb pln pts dtherm tpr_shadow vnmi flexpriority ept vpid fsgsbase tsc_adjust bmi1 hle avx2 smep bmi2 erms invpcid rtm xsaveopt
bugs		:
bogomips	: 7183.28
clflush size	: 64
cache_alignment	: 64
address sizes	: 39 bits physical, 48 bits virtual
power management:

processor	: 3
vendor_id	: GenuineIntel
cpu family	: 6
model		: 60
model name	: Intel(R) Core(TM) i7-4790 CPU @ 3.60GHz
stepping	: 3
microcode	: 0x9
cpu MHz		: 3620.953
cache size	: 8192 KB
physical id	: 0
siblings	: 8
core id		: 3
cpu cores	: 4
apicid		: 6
initial apicid	: 6
fpu		: yes
fpu_exception	: yes
cpuid level	: 13
wp		: yes
flags		: fpu vme de pse tsc msr pae mce cx8 apic sep mtrr pge mca cmov pat pse36 clflush dts acpi mmx fxsr sse sse2 ss ht tm pbe syscall nx pdpe1gb rdtscp lm constant_tsc arch_perfmon pebs bts rep_good nopl xtopology nonstop_tsc aperfmperf eagerfpu pni pclmulqdq dtes64 monitor ds_cpl vmx smx est tm2 ssse3 fma cx16 xtpr pdcm pcid sse4_1 sse4_2 x2apic movbe popcnt tsc_deadline_timer aes xsave avx f16c rdrand lahf_lm abm ida arat epb pln pts dtherm tpr_shadow vnmi flexpriority ept vpid fsgsbase tsc_adjust bmi1 hle avx2 smep bmi2 erms invpcid rtm xsaveopt
bugs		:
bogomips	: 7183.28
clflush size	: 64
cache_alignment	: 64
address sizes	: 39 bits physical, 48 bits virtual
power management:

processor	: 4
vendor_id	: GenuineIntel
cpu family	: 6
model		: 60
model name	: Intel(R) Core(TM) i7-4790 CPU @ 3.60GHz
stepping	: 3
microcode	: 0x9
cpu MHz		: 3744.843
cache size	: 8192 KB
physical id	: 0
siblings	: 8
core id		: 0
cpu cores	: 4
apicid		: 1
initial apicid	: 1
fpu		: yes
fpu_exception	: yes
cpuid level	: 13
wp		: yes
flags		: fpu vme de pse tsc msr pae mce cx8 apic sep mtrr pge mca cmov pat pse36 clflush dts acpi mmx fxsr sse sse2 ss ht tm pbe syscall nx pdpe1gb rdtscp lm constant_tsc arch_perfmon pebs bts rep_good nopl xtopology nonstop_tsc aperfmperf eagerfpu pni pclmulqdq dtes64 monitor ds_cpl vmx smx est tm2 ssse3 fma cx16 xtpr pdcm pcid sse4_1 sse4_2 x2apic movbe popcnt tsc_deadline_timer aes xsave avx f16c rdrand lahf_lm abm ida arat epb pln pts dtherm tpr_shadow vnmi flexpriority ept vpid fsgsbase tsc_adjust bmi1 hle avx2 smep bmi2 erms invpcid rtm xsaveopt
bugs		:
bogomips	: 7183.28
clflush size	: 64
cache_alignment	: 64
address sizes	: 39 bits physical, 48 bits virtual
power management:

processor	: 5
vendor_id	: GenuineIntel
cpu family	: 6
model		: 60
model name	: Intel(R) Core(TM) i7-4790 CPU @ 3.60GHz
stepping	: 3
microcode	: 0x9
cpu MHz		: 3671.718
cache size	: 8192 KB
physical id	: 0
siblings	: 8
core id		: 1
cpu cores	: 4
apicid		: 3
initial apicid	: 3
fpu		: yes
fpu_exception	: yes
cpuid level	: 13
wp		: yes
flags		: fpu vme de pse tsc msr pae mce cx8 apic sep mtrr pge mca cmov pat pse36 clflush dts acpi mmx fxsr sse sse2 ss ht tm pbe syscall nx pdpe1gb rdtscp lm constant_tsc arch_perfmon pebs bts rep_good nopl xtopology nonstop_tsc aperfmperf eagerfpu pni pclmulqdq dtes64 monitor ds_cpl vmx smx est tm2 ssse3 fma cx16 xtpr pdcm pcid sse4_1 sse4_2 x2apic movbe popcnt tsc_deadline_timer aes xsave avx f16c rdrand lahf_lm abm ida arat epb pln pts dtherm tpr_shadow vnmi flexpriority ept vpid fsgsbase tsc_adjust bmi1 hle avx2 smep bmi2 erms invpcid rtm xsaveopt
bugs		:
bogomips	: 7183.28
clflush size	: 64
cache_alignment	: 64
address sizes	: 39 bits physical, 48 bits virtual
power management:

processor	: 6
vendor_id	: GenuineIntel
cpu family	: 6
model		: 60
model name	: Intel(R) Core(TM) i7-4790 CPU @ 3.60GHz
stepping	: 3
microcode	: 0x9
cpu MHz		: 3600.000
cache size	: 8192 KB
physical id	: 0
siblings	: 8
core id		: 2
cpu cores	: 4
apicid		: 5
initial apicid	: 5
fpu		: yes
fpu_exception	: yes
cpuid level	: 13
wp		: yes
flags		: fpu vme de pse tsc msr pae mce cx8 apic sep mtrr pge mca cmov pat pse36 clflush dts acpi mmx fxsr sse sse2 ss ht tm pbe syscall nx pdpe1gb rdtscp lm constant_tsc arch_perfmon pebs bts rep_good nopl xtopology nonstop_tsc aperfmperf eagerfpu pni pclmulqdq dtes64 monitor ds_cpl vmx smx est tm2 ssse3 fma cx16 xtpr pdcm pcid sse4_1 sse4_2 x2apic movbe popcnt tsc_deadline_timer aes xsave avx f16c rdrand lahf_lm abm ida arat epb pln pts dtherm tpr_shadow vnmi flexpriority ept vpid fsgsbase tsc_adjust bmi1 hle avx2 smep bmi2 erms invpcid rtm xsaveopt
bugs		:
bogomips	: 7183.28
clflush size	: 64
cache_alignment	: 64
address sizes	: 39 bits physical, 48 bits virtual
power management:

processor	: 7
vendor_id	: GenuineIntel
cpu family	: 6
model		: 60
model name	: Intel(R) Core(TM) i7-4790 CPU @ 3.60GHz
stepping	: 3
microcode	: 0x9
cpu MHz		: 3675.093
cache size	: 8192 KB
physical id	: 0
siblings	: 8
core id		: 3
cpu cores	: 4
apicid		: 7
initial apicid	: 7
fpu		: yes
fpu_exception	: yes
cpuid level	: 13
wp		: yes
flags		: fpu vme de pse tsc msr pae mce cx8 apic sep mtrr pge mca cmov pat pse36 clflush dts acpi mmx fxsr sse sse2 ss ht tm pbe syscall nx pdpe1gb rdtscp lm constant_tsc arch_perfmon pebs bts rep_good nopl xtopology nonstop_tsc aperfmperf eagerfpu pni pclmulqdq dtes64 monitor ds_cpl vmx smx est tm2 ssse3 fma cx16 xtpr pdcm pcid sse4_1 sse4_2 x2apic movbe popcnt tsc_deadline_timer aes xsave avx f16c rdrand lahf_lm abm ida arat epb pln pts dtherm tpr_shadow vnmi flexpriority ept vpid fsgsbase tsc_adjust bmi1 hle avx2 smep bmi2 erms invpcid rtm xsaveopt
bugs		:
bogomips	: 7183.28
clflush size	: 64
cache_alignment	: 64
address sizes	: 39 bits physical, 48 bits virtual
power management:



Memory: 4k page, physical 16383348k(173892k free), swap 7812092k(40k free)

vm_info: OpenJDK 64-Bit Server VM (24.91-b01) for linux-amd64 JRE (1.7.0_91-b02), built on Nov 19 2015 06:14:37 by "buildd" with gcc 4.8.2

time: Wed Dec  2 00:10:32 2015
elapsed time: 0 seconds

