#
# There is insufficient memory for the Java Runtime Environment to continue.
# Native memory allocation (malloc) failed to allocate 174587904 bytes for committing reserved memory.
# Possible reasons:
#   The system is out of physical RAM or swap space
#   In 32 bit mode, the process size limit was hit
# Possible solutions:
#   Reduce memory load on the system
#   Increase physical memory or swap space
#   Check if swap backing store is full
#   Use 64 bit Java on a 64 bit OS
#   Decrease Java heap size (-Xmx/-Xms)
#   Decrease number of Java threads
#   Decrease Java thread stack sizes (-Xss)
#   Set larger code cache with -XX:ReservedCodeCacheSize=
# This output file may be truncated or incomplete.
#
#  Out of Memory Error (os_linux.cpp:2827), pid=14121, tid=140539308132096
#
# JRE version:  (7.0_91-b02) (build )
# Java VM: OpenJDK 64-Bit Server VM (24.91-b01 mixed mode linux-amd64 compressed oops)
# Derivative: IcedTea 2.6.3
# Distribution: Ubuntu 14.04 LTS, package 7u91-2.6.3-0ubuntu0.14.04.1
# Failed to write core dump. Core dumps have been disabled. To enable core dumping, try "ulimit -c unlimited" before starting Java again
#

---------------  T H R E A D  ---------------

Current thread (0x00007fd1d400a000):  JavaThread "Unknown thread" [_thread_in_vm, id=14122, stack(0x00007fd1db79c000,0x00007fd1db89d000)]

Stack: [0x00007fd1db79c000,0x00007fd1db89d000],  sp=0x00007fd1db89b4f0,  free space=1021k
Native frames: (J=compiled Java code, j=interpreted, Vv=VM code, C=native code)
V  [libjvm.so+0x953e15]  VMError::report_and_die()+0x175
V  [libjvm.so+0x48fd94]  report_vm_out_of_memory(char const*, int, unsigned long, char const*)+0x74
V  [libjvm.so+0x7cf87b]  os::pd_commit_memory(char*, unsigned long, unsigned long, bool)+0xeb
V  [libjvm.so+0x7ca33f]  os::commit_memory(char*, unsigned long, unsigned long, bool)+0x1f
V  [libjvm.so+0x83dacb]  PSVirtualSpace::expand_by(unsigned long)+0x5b
V  [libjvm.so+0x82df8e]  PSOldGen::initialize(ReservedSpace, unsigned long, char const*, int)+0xce
V  [libjvm.so+0x2a7aef]  AdjoiningGenerations::AdjoiningGenerations(ReservedSpace, unsigned long, unsigned long, unsigned long, unsigned long, unsigned long, unsigned long, unsigned long)+0x3af
V  [libjvm.so+0x7f0ef0]  ParallelScavengeHeap::initialize()+0x5b0
V  [libjvm.so+0x9247b7]  Universe::initialize_heap()+0xc7
V  [libjvm.so+0x924ae7]  universe_init()+0x67
V  [libjvm.so+0x5a2dd5]  init_globals()+0x55
V  [libjvm.so+0x90a4cf]  Threads::create_vm(JavaVMInitArgs*, bool*)+0x35f
V  [libjvm.so+0x60e834]  JNI_CreateJavaVM+0x54
C  [libjli.so+0x2b48]


---------------  P R O C E S S  ---------------

Java Threads: ( => current thread )

Other Threads:

=>0x00007fd1d400a000 (exited) JavaThread "Unknown thread" [_thread_in_vm, id=14122, stack(0x00007fd1db79c000,0x00007fd1db89d000)]

VM state:not at safepoint (not fully initialized)

VM Mutex/Monitor currently owned by a thread: None

GC Heap History (0 events):
No events

Deoptimization events (0 events):
No events

Internal exceptions (0 events):
No events

Events (0 events):
No events


Dynamic libraries:
00400000-00401000 r-xp 00000000 08:04 12071649                           /usr/lib/jvm/java-7-openjdk-amd64/jre/bin/java
00600000-00601000 r--p 00000000 08:04 12071649                           /usr/lib/jvm/java-7-openjdk-amd64/jre/bin/java
00601000-00602000 rw-p 00001000 08:04 12071649                           /usr/lib/jvm/java-7-openjdk-amd64/jre/bin/java
00b7f000-00ba0000 rw-p 00000000 00:00 0                                  [heap]
6fba00000-706000000 rw-p 00000000 00:00 0 
710680000-7aca80000 rw-p 00000000 00:00 0 
7aca80000-7b1e00000 rw-p 00000000 00:00 0 
7b1e00000-800000000 rw-p 00000000 00:00 0 
7fd1d07dc000-7fd1d0d64000 rw-p 00000000 00:00 0 
7fd1d0d64000-7fd1d0d8e000 rw-p 00000000 00:00 0 
7fd1d0d8e000-7fd1d0fff000 rw-p 00000000 00:00 0 
7fd1d0fff000-7fd1d1000000 rw-p 00000000 00:00 0 
7fd1d1000000-7fd1d1270000 rwxp 00000000 00:00 0 
7fd1d1270000-7fd1d4023000 rw-p 00000000 00:00 0 
7fd1d4023000-7fd1d8000000 ---p 00000000 00:00 0 
7fd1d8193000-7fd1d83ce000 rw-p 00000000 00:00 0 
7fd1d83ce000-7fd1d83d6000 r-xp 00000000 08:04 12071693                   /usr/lib/jvm/java-7-openjdk-amd64/jre/lib/amd64/libzip.so
7fd1d83d6000-7fd1d85d5000 ---p 00008000 08:04 12071693                   /usr/lib/jvm/java-7-openjdk-amd64/jre/lib/amd64/libzip.so
7fd1d85d5000-7fd1d85d6000 r--p 00007000 08:04 12071693                   /usr/lib/jvm/java-7-openjdk-amd64/jre/lib/amd64/libzip.so
7fd1d85d6000-7fd1d85d7000 rw-p 00008000 08:04 12071693                   /usr/lib/jvm/java-7-openjdk-amd64/jre/lib/amd64/libzip.so
7fd1d85d7000-7fd1d85e2000 r-xp 00000000 08:04 7082165                    /lib/x86_64-linux-gnu/libnss_files-2.19.so
7fd1d85e2000-7fd1d87e1000 ---p 0000b000 08:04 7082165                    /lib/x86_64-linux-gnu/libnss_files-2.19.so
7fd1d87e1000-7fd1d87e2000 r--p 0000a000 08:04 7082165                    /lib/x86_64-linux-gnu/libnss_files-2.19.so
7fd1d87e2000-7fd1d87e3000 rw-p 0000b000 08:04 7082165                    /lib/x86_64-linux-gnu/libnss_files-2.19.so
7fd1d87e3000-7fd1d87ee000 r-xp 00000000 08:04 7082175                    /lib/x86_64-linux-gnu/libnss_nis-2.19.so
7fd1d87ee000-7fd1d89ed000 ---p 0000b000 08:04 7082175                    /lib/x86_64-linux-gnu/libnss_nis-2.19.so
7fd1d89ed000-7fd1d89ee000 r--p 0000a000 08:04 7082175                    /lib/x86_64-linux-gnu/libnss_nis-2.19.so
7fd1d89ee000-7fd1d89ef000 rw-p 0000b000 08:04 7082175                    /lib/x86_64-linux-gnu/libnss_nis-2.19.so
7fd1d89ef000-7fd1d8a06000 r-xp 00000000 08:04 7082159                    /lib/x86_64-linux-gnu/libnsl-2.19.so
7fd1d8a06000-7fd1d8c05000 ---p 00017000 08:04 7082159                    /lib/x86_64-linux-gnu/libnsl-2.19.so
7fd1d8c05000-7fd1d8c06000 r--p 00016000 08:04 7082159                    /lib/x86_64-linux-gnu/libnsl-2.19.so
7fd1d8c06000-7fd1d8c07000 rw-p 00017000 08:04 7082159                    /lib/x86_64-linux-gnu/libnsl-2.19.so
7fd1d8c07000-7fd1d8c09000 rw-p 00000000 00:00 0 
7fd1d8c09000-7fd1d8c12000 r-xp 00000000 08:04 7082161                    /lib/x86_64-linux-gnu/libnss_compat-2.19.so
7fd1d8c12000-7fd1d8e11000 ---p 00009000 08:04 7082161                    /lib/x86_64-linux-gnu/libnss_compat-2.19.so
7fd1d8e11000-7fd1d8e12000 r--p 00008000 08:04 7082161                    /lib/x86_64-linux-gnu/libnss_compat-2.19.so
7fd1d8e12000-7fd1d8e13000 rw-p 00009000 08:04 7082161                    /lib/x86_64-linux-gnu/libnss_compat-2.19.so
7fd1d8e13000-7fd1d8e3e000 r-xp 00000000 08:04 12071701                   /usr/lib/jvm/java-7-openjdk-amd64/jre/lib/amd64/libjava.so
7fd1d8e3e000-7fd1d903e000 ---p 0002b000 08:04 12071701                   /usr/lib/jvm/java-7-openjdk-amd64/jre/lib/amd64/libjava.so
7fd1d903e000-7fd1d903f000 r--p 0002b000 08:04 12071701                   /usr/lib/jvm/java-7-openjdk-amd64/jre/lib/amd64/libjava.so
7fd1d903f000-7fd1d9041000 rw-p 0002c000 08:04 12071701                   /usr/lib/jvm/java-7-openjdk-amd64/jre/lib/amd64/libjava.so
7fd1d9041000-7fd1d9051000 r-xp 00000000 08:04 12071719                   /usr/lib/jvm/java-7-openjdk-amd64/jre/lib/amd64/libverify.so
7fd1d9051000-7fd1d9250000 ---p 00010000 08:04 12071719                   /usr/lib/jvm/java-7-openjdk-amd64/jre/lib/amd64/libverify.so
7fd1d9250000-7fd1d9252000 r--p 0000f000 08:04 12071719                   /usr/lib/jvm/java-7-openjdk-amd64/jre/lib/amd64/libverify.so
7fd1d9252000-7fd1d9253000 rw-p 00011000 08:04 12071719                   /usr/lib/jvm/java-7-openjdk-amd64/jre/lib/amd64/libverify.so
7fd1d9253000-7fd1d925a000 r-xp 00000000 08:04 7082218                    /lib/x86_64-linux-gnu/librt-2.19.so
7fd1d925a000-7fd1d9459000 ---p 00007000 08:04 7082218                    /lib/x86_64-linux-gnu/librt-2.19.so
7fd1d9459000-7fd1d945a000 r--p 00006000 08:04 7082218                    /lib/x86_64-linux-gnu/librt-2.19.so
7fd1d945a000-7fd1d945b000 rw-p 00007000 08:04 7082218                    /lib/x86_64-linux-gnu/librt-2.19.so
7fd1d945b000-7fd1d9471000 r-xp 00000000 08:04 7082117                    /lib/x86_64-linux-gnu/libgcc_s.so.1
7fd1d9471000-7fd1d9670000 ---p 00016000 08:04 7082117                    /lib/x86_64-linux-gnu/libgcc_s.so.1
7fd1d9670000-7fd1d9671000 rw-p 00015000 08:04 7082117                    /lib/x86_64-linux-gnu/libgcc_s.so.1
7fd1d9671000-7fd1d9776000 r-xp 00000000 08:04 7082140                    /lib/x86_64-linux-gnu/libm-2.19.so
7fd1d9776000-7fd1d9975000 ---p 00105000 08:04 7082140                    /lib/x86_64-linux-gnu/libm-2.19.so
7fd1d9975000-7fd1d9976000 r--p 00104000 08:04 7082140                    /lib/x86_64-linux-gnu/libm-2.19.so
7fd1d9976000-7fd1d9977000 rw-p 00105000 08:04 7082140                    /lib/x86_64-linux-gnu/libm-2.19.so
7fd1d9977000-7fd1d9a5d000 r-xp 00000000 08:04 12067532                   /usr/lib/x86_64-linux-gnu/libstdc++.so.6.0.19
7fd1d9a5d000-7fd1d9c5c000 ---p 000e6000 08:04 12067532                   /usr/lib/x86_64-linux-gnu/libstdc++.so.6.0.19
7fd1d9c5c000-7fd1d9c64000 r--p 000e5000 08:04 12067532                   /usr/lib/x86_64-linux-gnu/libstdc++.so.6.0.19
7fd1d9c64000-7fd1d9c66000 rw-p 000ed000 08:04 12067532                   /usr/lib/x86_64-linux-gnu/libstdc++.so.6.0.19
7fd1d9c66000-7fd1d9c7b000 rw-p 00000000 00:00 0 
7fd1d9c7b000-7fd1da79f000 r-xp 00000000 08:04 12071707                   /usr/lib/jvm/java-7-openjdk-amd64/jre/lib/amd64/server/libjvm.so
7fd1da79f000-7fd1da99f000 ---p 00b24000 08:04 12071707                   /usr/lib/jvm/java-7-openjdk-amd64/jre/lib/amd64/server/libjvm.so
7fd1da99f000-7fd1daa39000 r--p 00b24000 08:04 12071707                   /usr/lib/jvm/java-7-openjdk-amd64/jre/lib/amd64/server/libjvm.so
7fd1daa39000-7fd1daa5c000 rw-p 00bbe000 08:04 12071707                   /usr/lib/jvm/java-7-openjdk-amd64/jre/lib/amd64/server/libjvm.so
7fd1daa5c000-7fd1daa8a000 rw-p 00000000 00:00 0 
7fd1daa8a000-7fd1daaa2000 r-xp 00000000 08:04 7082253                    /lib/x86_64-linux-gnu/libz.so.1.2.8
7fd1daaa2000-7fd1daca1000 ---p 00018000 08:04 7082253                    /lib/x86_64-linux-gnu/libz.so.1.2.8
7fd1daca1000-7fd1daca2000 r--p 00017000 08:04 7082253                    /lib/x86_64-linux-gnu/libz.so.1.2.8
7fd1daca2000-7fd1daca3000 rw-p 00018000 08:04 7082253                    /lib/x86_64-linux-gnu/libz.so.1.2.8
7fd1daca3000-7fd1dacbc000 r-xp 00000000 08:04 7082210                    /lib/x86_64-linux-gnu/libpthread-2.19.so
7fd1dacbc000-7fd1daebb000 ---p 00019000 08:04 7082210                    /lib/x86_64-linux-gnu/libpthread-2.19.so
7fd1daebb000-7fd1daebc000 r--p 00018000 08:04 7082210                    /lib/x86_64-linux-gnu/libpthread-2.19.so
7fd1daebc000-7fd1daebd000 rw-p 00019000 08:04 7082210                    /lib/x86_64-linux-gnu/libpthread-2.19.so
7fd1daebd000-7fd1daec1000 rw-p 00000000 00:00 0 
7fd1daec1000-7fd1daec4000 r-xp 00000000 08:04 7082107                    /lib/x86_64-linux-gnu/libdl-2.19.so
7fd1daec4000-7fd1db0c3000 ---p 00003000 08:04 7082107                    /lib/x86_64-linux-gnu/libdl-2.19.so
7fd1db0c3000-7fd1db0c4000 r--p 00002000 08:04 7082107                    /lib/x86_64-linux-gnu/libdl-2.19.so
7fd1db0c4000-7fd1db0c5000 rw-p 00003000 08:04 7082107                    /lib/x86_64-linux-gnu/libdl-2.19.so
7fd1db0c5000-7fd1db280000 r-xp 00000000 08:04 7082090                    /lib/x86_64-linux-gnu/libc-2.19.so
7fd1db280000-7fd1db47f000 ---p 001bb000 08:04 7082090                    /lib/x86_64-linux-gnu/libc-2.19.so
7fd1db47f000-7fd1db483000 r--p 001ba000 08:04 7082090                    /lib/x86_64-linux-gnu/libc-2.19.so
7fd1db483000-7fd1db485000 rw-p 001be000 08:04 7082090                    /lib/x86_64-linux-gnu/libc-2.19.so
7fd1db485000-7fd1db48a000 rw-p 00000000 00:00 0 
7fd1db48a000-7fd1db497000 r-xp 00000000 08:04 12071720                   /usr/lib/jvm/java-7-openjdk-amd64/jre/lib/amd64/jli/libjli.so
7fd1db497000-7fd1db696000 ---p 0000d000 08:04 12071720                   /usr/lib/jvm/java-7-openjdk-amd64/jre/lib/amd64/jli/libjli.so
7fd1db696000-7fd1db697000 r--p 0000c000 08:04 12071720                   /usr/lib/jvm/java-7-openjdk-amd64/jre/lib/amd64/jli/libjli.so
7fd1db697000-7fd1db698000 rw-p 0000d000 08:04 12071720                   /usr/lib/jvm/java-7-openjdk-amd64/jre/lib/amd64/jli/libjli.so
7fd1db698000-7fd1db6bb000 r-xp 00000000 08:04 7082066                    /lib/x86_64-linux-gnu/ld-2.19.so
7fd1db6dc000-7fd1db6e6000 rw-p 00000000 00:00 0 
7fd1db6e6000-7fd1db79c000 rw-p 00000000 00:00 0 
7fd1db79c000-7fd1db79f000 ---p 00000000 00:00 0 
7fd1db79f000-7fd1db8a2000 rw-p 00000000 00:00 0                          [stack:14122]
7fd1db8ac000-7fd1db8ae000 rw-p 00000000 00:00 0 
7fd1db8ae000-7fd1db8b6000 rw-s 00000000 08:04 529672                     /tmp/hsperfdata_xinyao1/14121
7fd1db8b6000-7fd1db8b7000 rw-p 00000000 00:00 0 
7fd1db8b7000-7fd1db8b8000 r--p 00000000 00:00 0 
7fd1db8b8000-7fd1db8ba000 rw-p 00000000 00:00 0 
7fd1db8ba000-7fd1db8bb000 r--p 00022000 08:04 7082066                    /lib/x86_64-linux-gnu/ld-2.19.so
7fd1db8bb000-7fd1db8bc000 rw-p 00023000 08:04 7082066                    /lib/x86_64-linux-gnu/ld-2.19.so
7fd1db8bc000-7fd1db8bd000 rw-p 00000000 00:00 0 
7ffc32ee1000-7ffc32f02000 rw-p 00000000 00:00 0                          [stack]
7ffc32fdd000-7ffc32fdf000 r--p 00000000 00:00 0                          [vvar]
7ffc32fdf000-7ffc32fe1000 r-xp 00000000 00:00 0                          [vdso]
ffffffffff600000-ffffffffff601000 r-xp 00000000 00:00 0                  [vsyscall]

VM Arguments:
jvm_args: -Dsmartgit.logging=false -Djava.net.preferIPv4Stack=true 
java_command: com.syntevo.smartgit.transport.askpass.SgAskPasswordMain Username for 'https://github.com': 
Launcher Type: SUN_STANDARD

Environment Variables:
PATH=/usr/lib/git-core:/usr/bin:/usr/share/smartgit/lib:/usr/local/sbin:/usr/local/bin:/usr/sbin:/usr/bin:/sbin:/bin:/usr/games:/usr/local/games
LD_LIBRARY_PATH=:/usr/lib/gnome-private/lib
SHELL=/bin/bash
DISPLAY=:0

Signal Handlers:
SIGSEGV: [libjvm.so+0x9548f0], sa_mask[0]=0x7ffbfeff, sa_flags=0x10000004
SIGBUS: [libjvm.so+0x9548f0], sa_mask[0]=0x7ffbfeff, sa_flags=0x10000004
SIGFPE: [libjvm.so+0x7cb0b0], sa_mask[0]=0x7ffbfeff, sa_flags=0x10000004
SIGPIPE: [libjvm.so+0x7cb0b0], sa_mask[0]=0x7ffbfeff, sa_flags=0x10000004
SIGXFSZ: [libjvm.so+0x7cb0b0], sa_mask[0]=0x7ffbfeff, sa_flags=0x10000004
SIGILL: [libjvm.so+0x7cb0b0], sa_mask[0]=0x7ffbfeff, sa_flags=0x10000004
SIGUSR1: SIG_DFL, sa_mask[0]=0x00000000, sa_flags=0x00000000
SIGUSR2: [libjvm.so+0x7caf50], sa_mask[0]=0x00000004, sa_flags=0x10000004
SIGHUP: SIG_DFL, sa_mask[0]=0x00000000, sa_flags=0x00000000
SIGINT: SIG_DFL, sa_mask[0]=0x00000000, sa_flags=0x00000000
SIGTERM: SIG_DFL, sa_mask[0]=0x00000000, sa_flags=0x00000000
SIGQUIT: SIG_DFL, sa_mask[0]=0x00000000, sa_flags=0x00000000
SIGTRAP: SIG_DFL, sa_mask[0]=0x00000000, sa_flags=0x00000000


---------------  S Y S T E M  ---------------

OS:Ubuntu 14.04 (trusty)
uname:Linux 3.19.0-33-generic #38~14.04.1-Ubuntu SMP Fri Nov 6 18:17:28 UTC 2015 x86_64
libc:glibc 2.19 NPTL 2.19 
rlimit: STACK 8192k, CORE 0k, NPROC 63728, NOFILE 4096, AS infinity
load average:10.79 9.76 9.64

/proc/meminfo:
MemTotal:       16383348 kB
MemFree:          173684 kB
MemAvailable:     158896 kB
Buffers:            1120 kB
Cached:            95812 kB
SwapCached:         3460 kB
Active:         14034712 kB
Inactive:        1833036 kB
Active(anon):   13991796 kB
Inactive(anon):  1803464 kB
Active(file):      42916 kB
Inactive(file):    29572 kB
Unevictable:        2744 kB
Mlocked:            2744 kB
SwapTotal:       7812092 kB
SwapFree:             96 kB
Dirty:               112 kB
Writeback:             0 kB
AnonPages:      15772396 kB
Mapped:            86920 kB
Shmem:             23724 kB
Slab:             130232 kB
SReclaimable:      66868 kB
SUnreclaim:        63364 kB
KernelStack:       18880 kB
PageTables:       110684 kB
NFS_Unstable:          0 kB
Bounce:                0 kB
WritebackTmp:          0 kB
CommitLimit:    16003764 kB
Committed_AS:   13846048 kB
VmallocTotal:   34359738367 kB
VmallocUsed:      125624 kB
VmallocChunk:   34359606092 kB
HardwareCorrupted:     0 kB
AnonHugePages:   4849664 kB
CmaTotal:              0 kB
CmaFree:               0 kB
HugePages_Total:       0
HugePages_Free:        0
HugePages_Rsvd:        0
HugePages_Surp:        0
Hugepagesize:       2048 kB
DirectMap4k:      298584 kB
DirectMap2M:    15380480 kB
DirectMap1G:     2097152 kB


CPU:total 8 (4 cores per cpu, 2 threads per core) family 6 model 60 stepping 3, cmov, cx8, fxsr, mmx, sse, sse2, sse3, ssse3, sse4.1, sse4.2, popcnt, avx, avx2, aes, erms, ht, tsc, tscinvbit

/proc/cpuinfo:
processor	: 0
vendor_id	: GenuineIntel
cpu family	: 6
model		: 60
model name	: Intel(R) Core(TM) i7-4790 CPU @ 3.60GHz
stepping	: 3
microcode	: 0x9
cpu MHz		: 3603.796
cache size	: 8192 KB
physical id	: 0
siblings	: 8
core id		: 0
cpu cores	: 4
apicid		: 0
initial apicid	: 0
fpu		: yes
fpu_exception	: yes
cpuid level	: 13
wp		: yes
flags		: fpu vme de pse tsc msr pae mce cx8 apic sep mtrr pge mca cmov pat pse36 clflush dts acpi mmx fxsr sse sse2 ss ht tm pbe syscall nx pdpe1gb rdtscp lm constant_tsc arch_perfmon pebs bts rep_good nopl xtopology nonstop_tsc aperfmperf eagerfpu pni pclmulqdq dtes64 monitor ds_cpl vmx smx est tm2 ssse3 fma cx16 xtpr pdcm pcid sse4_1 sse4_2 x2apic movbe popcnt tsc_deadline_timer aes xsave avx f16c rdrand lahf_lm abm ida arat epb pln pts dtherm tpr_shadow vnmi flexpriority ept vpid fsgsbase tsc_adjust bmi1 hle avx2 smep bmi2 erms invpcid rtm xsaveopt
bugs		:
bogomips	: 7183.28
clflush size	: 64
cache_alignment	: 64
address sizes	: 39 bits physical, 48 bits virtual
power management:

processor	: 1
vendor_id	: GenuineIntel
cpu family	: 6
model		: 60
model name	: Intel(R) Core(TM) i7-4790 CPU @ 3.60GHz
stepping	: 3
microcode	: 0x9
cpu MHz		: 3599.859
cache size	: 8192 KB
physical id	: 0
siblings	: 8
core id		: 1
cpu cores	: 4
apicid		: 2
initial apicid	: 2
fpu		: yes
fpu_exception	: yes
cpuid level	: 13
wp		: yes
flags		: fpu vme de pse tsc msr pae mce cx8 apic sep mtrr pge mca cmov pat pse36 clflush dts acpi mmx fxsr sse sse2 ss ht tm pbe syscall nx pdpe1gb rdtscp lm constant_tsc arch_perfmon pebs bts rep_good nopl xtopology nonstop_tsc aperfmperf eagerfpu pni pclmulqdq dtes64 monitor ds_cpl vmx smx est tm2 ssse3 fma cx16 xtpr pdcm pcid sse4_1 sse4_2 x2apic movbe popcnt tsc_deadline_timer aes xsave avx f16c rdrand lahf_lm abm ida arat epb pln pts dtherm tpr_shadow vnmi flexpriority ept vpid fsgsbase tsc_adjust bmi1 hle avx2 smep bmi2 erms invpcid rtm xsaveopt
bugs		:
bogomips	: 7183.28
clflush size	: 64
cache_alignment	: 64
address sizes	: 39 bits physical, 48 bits virtual
power management:

processor	: 2
vendor_id	: GenuineIntel
cpu family	: 6
model		: 60
model name	: Intel(R) Core(TM) i7-4790 CPU @ 3.60GHz
stepping	: 3
microcode	: 0x9
cpu MHz		: 3600.000
cache size	: 8192 KB
physical id	: 0
siblings	: 8
core id		: 2
cpu cores	: 4
apicid		: 4
initial apicid	: 4
fpu		: yes
fpu_exception	: yes
cpuid level	: 13
wp		: yes
flags		: fpu vme de pse tsc msr pae mce cx8 apic sep mtrr pge mca cmov pat pse36 clflush dts acpi mmx fxsr sse sse2 ss ht tm pbe syscall nx pdpe1gb rdtscp lm constant_tsc arch_perfmon pebs bts rep_good nopl xtopology nonstop_tsc aperfmperf eagerfpu pni pclmulqdq dtes64 monitor ds_cpl vmx smx est tm2 ssse3 fma cx16 xtpr pdcm pcid sse4_1 sse4_2 x2apic movbe popcnt tsc_deadline_timer aes xsave avx f16c rdrand lahf_lm abm ida arat epb pln pts dtherm tpr_shadow vnmi flexpriority ept vpid fsgsbase tsc_adjust bmi1 hle avx2 smep bmi2 erms invpcid rtm xsaveopt
bugs		:
bogomips	: 7183.28
clflush size	: 64
cache_alignment	: 64
address sizes	: 39 bits physical, 48 bits virtual
power management:

processor	: 3
vendor_id	: GenuineIntel
cpu family	: 6
model		: 60
model name	: Intel(R) Core(TM) i7-4790 CPU @ 3.60GHz
stepping	: 3
microcode	: 0x9
cpu MHz		: 3599.859
cache size	: 8192 KB
physical id	: 0
siblings	: 8
core id		: 3
cpu cores	: 4
apicid		: 6
initial apicid	: 6
fpu		: yes
fpu_exception	: yes
cpuid level	: 13
wp		: yes
flags		: fpu vme de pse tsc msr pae mce cx8 apic sep mtrr pge mca cmov pat pse36 clflush dts acpi mmx fxsr sse sse2 ss ht tm pbe syscall nx pdpe1gb rdtscp lm constant_tsc arch_perfmon pebs bts rep_good nopl xtopology nonstop_tsc aperfmperf eagerfpu pni pclmulqdq dtes64 monitor ds_cpl vmx smx est tm2 ssse3 fma cx16 xtpr pdcm pcid sse4_1 sse4_2 x2apic movbe popcnt tsc_deadline_timer aes xsave avx f16c rdrand lahf_lm abm ida arat epb pln pts dtherm tpr_shadow vnmi flexpriority ept vpid fsgsbase tsc_adjust bmi1 hle avx2 smep bmi2 erms invpcid rtm xsaveopt
bugs		:
bogomips	: 7183.28
clflush size	: 64
cache_alignment	: 64
address sizes	: 39 bits physical, 48 bits virtual
power management:

processor	: 4
vendor_id	: GenuineIntel
cpu family	: 6
model		: 60
model name	: Intel(R) Core(TM) i7-4790 CPU @ 3.60GHz
stepping	: 3
microcode	: 0x9
cpu MHz		: 3599.859
cache size	: 8192 KB
physical id	: 0
siblings	: 8
core id		: 0
cpu cores	: 4
apicid		: 1
initial apicid	: 1
fpu		: yes
fpu_exception	: yes
cpuid level	: 13
wp		: yes
flags		: fpu vme de pse tsc msr pae mce cx8 apic sep mtrr pge mca cmov pat pse36 clflush dts acpi mmx fxsr sse sse2 ss ht tm pbe syscall nx pdpe1gb rdtscp lm constant_tsc arch_perfmon pebs bts rep_good nopl xtopology nonstop_tsc aperfmperf eagerfpu pni pclmulqdq dtes64 monitor ds_cpl vmx smx est tm2 ssse3 fma cx16 xtpr pdcm pcid sse4_1 sse4_2 x2apic movbe popcnt tsc_deadline_timer aes xsave avx f16c rdrand lahf_lm abm ida arat epb pln pts dtherm tpr_shadow vnmi flexpriority ept vpid fsgsbase tsc_adjust bmi1 hle avx2 smep bmi2 erms invpcid rtm xsaveopt
bugs		:
bogomips	: 7183.28
clflush size	: 64
cache_alignment	: 64
address sizes	: 39 bits physical, 48 bits virtual
power management:

processor	: 5
vendor_id	: GenuineIntel
cpu family	: 6
model		: 60
model name	: Intel(R) Core(TM) i7-4790 CPU @ 3.60GHz
stepping	: 3
microcode	: 0x9
cpu MHz		: 3600.000
cache size	: 8192 KB
physical id	: 0
siblings	: 8
core id		: 1
cpu cores	: 4
apicid		: 3
initial apicid	: 3
fpu		: yes
fpu_exception	: yes
cpuid level	: 13
wp		: yes
flags		: fpu vme de pse tsc msr pae mce cx8 apic sep mtrr pge mca cmov pat pse36 clflush dts acpi mmx fxsr sse sse2 ss ht tm pbe syscall nx pdpe1gb rdtscp lm constant_tsc arch_perfmon pebs bts rep_good nopl xtopology nonstop_tsc aperfmperf eagerfpu pni pclmulqdq dtes64 monitor ds_cpl vmx smx est tm2 ssse3 fma cx16 xtpr pdcm pcid sse4_1 sse4_2 x2apic movbe popcnt tsc_deadline_timer aes xsave avx f16c rdrand lahf_lm abm ida arat epb pln pts dtherm tpr_shadow vnmi flexpriority ept vpid fsgsbase tsc_adjust bmi1 hle avx2 smep bmi2 erms invpcid rtm xsaveopt
bugs		:
bogomips	: 7183.28
clflush size	: 64
cache_alignment	: 64
address sizes	: 39 bits physical, 48 bits virtual
power management:

processor	: 6
vendor_id	: GenuineIntel
cpu family	: 6
model		: 60
model name	: Intel(R) Core(TM) i7-4790 CPU @ 3.60GHz
stepping	: 3
microcode	: 0x9
cpu MHz		: 3600.000
cache size	: 8192 KB
physical id	: 0
siblings	: 8
core id		: 2
cpu cores	: 4
apicid		: 5
initial apicid	: 5
fpu		: yes
fpu_exception	: yes
cpuid level	: 13
wp		: yes
flags		: fpu vme de pse tsc msr pae mce cx8 apic sep mtrr pge mca cmov pat pse36 clflush dts acpi mmx fxsr sse sse2 ss ht tm pbe syscall nx pdpe1gb rdtscp lm constant_tsc arch_perfmon pebs bts rep_good nopl xtopology nonstop_tsc aperfmperf eagerfpu pni pclmulqdq dtes64 monitor ds_cpl vmx smx est tm2 ssse3 fma cx16 xtpr pdcm pcid sse4_1 sse4_2 x2apic movbe popcnt tsc_deadline_timer aes xsave avx f16c rdrand lahf_lm abm ida arat epb pln pts dtherm tpr_shadow vnmi flexpriority ept vpid fsgsbase tsc_adjust bmi1 hle avx2 smep bmi2 erms invpcid rtm xsaveopt
bugs		:
bogomips	: 7183.28
clflush size	: 64
cache_alignment	: 64
address sizes	: 39 bits physical, 48 bits virtual
power management:

processor	: 7
vendor_id	: GenuineIntel
cpu family	: 6
model		: 60
model name	: Intel(R) Core(TM) i7-4790 CPU @ 3.60GHz
stepping	: 3
microcode	: 0x9
cpu MHz		: 3622.218
cache size	: 8192 KB
physical id	: 0
siblings	: 8
core id		: 3
cpu cores	: 4
apicid		: 7
initial apicid	: 7
fpu		: yes
fpu_exception	: yes
cpuid level	: 13
wp		: yes
flags		: fpu vme de pse tsc msr pae mce cx8 apic sep mtrr pge mca cmov pat pse36 clflush dts acpi mmx fxsr sse sse2 ss ht tm pbe syscall nx pdpe1gb rdtscp lm constant_tsc arch_perfmon pebs bts rep_good nopl xtopology nonstop_tsc aperfmperf eagerfpu pni pclmulqdq dtes64 monitor ds_cpl vmx smx est tm2 ssse3 fma cx16 xtpr pdcm pcid sse4_1 sse4_2 x2apic movbe popcnt tsc_deadline_timer aes xsave avx f16c rdrand lahf_lm abm ida arat epb pln pts dtherm tpr_shadow vnmi flexpriority ept vpid fsgsbase tsc_adjust bmi1 hle avx2 smep bmi2 erms invpcid rtm xsaveopt
bugs		:
bogomips	: 7183.28
clflush size	: 64
cache_alignment	: 64
address sizes	: 39 bits physical, 48 bits virtual
power management:



Memory: 4k page, physical 16383348k(173684k free), swap 7812092k(96k free)

vm_info: OpenJDK 64-Bit Server VM (24.91-b01) for linux-amd64 JRE (1.7.0_91-b02), built on Nov 19 2015 06:14:37 by "buildd" with gcc 4.8.2

time: Wed Dec  2 00:10:32 2015
elapsed time: 0 seconds

